{"name": "test_publishnotes[test-D:\\\\IntelliJ IDEA\\\\IdeaProjects\\\\museum\\\\img\\\\article\\\\dca96a5a6ab847e38ff996ecbac4c3c5.jpeg-\\u5185\\u5bb9\\u53d1\\u5e03\\u6210\\u529f]", "status": "broken", "statusDetails": {"message": "selenium.common.exceptions.TimeoutException: Message: \nStacktrace:\nBacktrace:\n\tGetHandleVerifier [0x00007FF687BEB572+64226]\n\tMicrosoft::Applications::Events::EventProperty::~EventProperty [0x00007FF687B7BB32+770962]\n\t(No symbol) [0x00007FF68793CC3C]\n\t(No symbol) [0x00007FF687980BCF]\n\t(No symbol) [0x00007FF687980D5A]\n\t(No symbol) [0x00007FF6879BAC07]\n\t(No symbol) [0x00007FF68799F02F]\n\t(No symbol) [0x00007FF687974BA1]\n\t(No symbol) [0x00007FF6879B7FB1]\n\t(No symbol) [0x00007FF68799EDC3]\n\t(No symbol) [0x00007FF687973BDC]\n\t(No symbol) [0x00007FF687972DC6]\n\t(No symbol) [0x00007FF687974354]\n\tMicrosoft::Applications::Events::ILogManager::DispatchEventBroadcast [0x00007FF687DC8E19+1319081]\n\t(No symbol) [0x00007FF6879EBEE8]\n\tMicrosoft::Applications::Events::EventProperty::~EventProperty [0x00007FF687AC7AB1+33553]\n\tMicrosoft::Applications::Events::EventProperty::~EventProperty [0x00007FF687ABFEEF+1871]\n\tMicrosoft::Applications::Events::ILogManager::DispatchEventBroadcast [0x00007FF687DC7A33+1313987]\n\tMicrosoft::Applications::Events::ILogConfiguration::operator* [0x00007FF687B84168+20232]\n\tMicrosoft::Applications::Events::ILogConfiguration::operator* [0x00007FF687B80784+5412]\n\tMicrosoft::Applications::Events::ILogConfiguration::operator* [0x00007FF687B8087C+5660]\n\tMicrosoft::Applications::Events::EventProperty::~EventProperty [0x00007FF687B74531+740753]\n\tBaseThreadInitThunk [0x00007FFA37A37614+20]\n\tRtlUserThreadStart [0x00007FFA395026A1+33]", "trace": "self = <WEBTestProject.scripts.wu.test_publishnotes.TestPublishNotes object at 0x00000259AD00C780>\ncontent = 'test'\npicture = 'D:\\\\IntelliJ IDEA\\\\IdeaProjects\\\\museum\\\\img\\\\article\\\\dca96a5a6ab847e38ff996ecbac4c3c5.jpeg'\nexpect = '内容发布成功'\n\n    @UtilsDriver.capture_screenshot_on_failure\n    @allure.severity(allure.severity_level.CRITICAL)\n    @pytest.mark.parametrize(\"content,picture,expect\",data)\n    def test_publishnotes(self,content,picture,expect):\n        time.sleep(2)\n        self.dashboardService.intent_Notes()\n        time.sleep(2)\n>       self.notesService.publish_notes(content,picture)\n\nscripts\\wu\\test_publishnotes.py:28: \n_ _ _ _ _ _ _ _ _ _ _ _ _ _ _ _ _ _ _ _ _ _ _ _ _ _ _ _ _ _ _ _ _ _ _ _ _ _ _ _ _ _ _ _ _ _ _\npage\\wu\\notes_page.py:59: in publish_notes\n    self.notesHandle.select_content()\npage\\wu\\notes_page.py:35: in select_content\n    self.notesObj.find_content().click()\npage\\wu\\notes_page.py:21: in find_content\n    return self.get_element(self._content)\nbase\\wu\\base.py:14: in get_element\n    element = wait.until(lambda x:x.find_element(*path))\n_ _ _ _ _ _ _ _ _ _ _ _ _ _ _ _ _ _ _ _ _ _ _ _ _ _ _ _ _ _ _ _ _ _ _ _ _ _ _ _ _ _ _ _ _ _ _\n\nself = <selenium.webdriver.support.wait.WebDriverWait (session=\"d545c15cd58f175ecac63d21c35a6888\")>\nmethod = <function BasePage.get_element.<locals>.<lambda> at 0x00000259AD1F8D08>, message = ''\n\n    def until(self, method, message: str = \"\"):\n        \"\"\"Calls the method provided with the driver as an argument until the \\\n        return value does not evaluate to ``False``.\n    \n        :param method: callable(WebDriver)\n        :param message: optional message for :exc:`TimeoutException`\n        :returns: the result of the last call to `method`\n        :raises: :exc:`selenium.common.exceptions.TimeoutException` if timeout occurs\n        \"\"\"\n        screen = None\n        stacktrace = None\n    \n        end_time = time.monotonic() + self._timeout\n        while True:\n            try:\n                value = method(self._driver)\n                if value:\n                    return value\n            except self._ignored_exceptions as exc:\n                screen = getattr(exc, \"screen\", None)\n                stacktrace = getattr(exc, \"stacktrace\", None)\n            time.sleep(self._poll)\n            if time.monotonic() > end_time:\n                break\n>       raise TimeoutException(message, screen, stacktrace)\nE       selenium.common.exceptions.TimeoutException: Message: \nE       Stacktrace:\nE       Backtrace:\nE       \tGetHandleVerifier [0x00007FF687BEB572+64226]\nE       \tMicrosoft::Applications::Events::EventProperty::~EventProperty [0x00007FF687B7BB32+770962]\nE       \t(No symbol) [0x00007FF68793CC3C]\nE       \t(No symbol) [0x00007FF687980BCF]\nE       \t(No symbol) [0x00007FF687980D5A]\nE       \t(No symbol) [0x00007FF6879BAC07]\nE       \t(No symbol) [0x00007FF68799F02F]\nE       \t(No symbol) [0x00007FF687974BA1]\nE       \t(No symbol) [0x00007FF6879B7FB1]\nE       \t(No symbol) [0x00007FF68799EDC3]\nE       \t(No symbol) [0x00007FF687973BDC]\nE       \t(No symbol) [0x00007FF687972DC6]\nE       \t(No symbol) [0x00007FF687974354]\nE       \tMicrosoft::Applications::Events::ILogManager::DispatchEventBroadcast [0x00007FF687DC8E19+1319081]\nE       \t(No symbol) [0x00007FF6879EBEE8]\nE       \tMicrosoft::Applications::Events::EventProperty::~EventProperty [0x00007FF687AC7AB1+33553]\nE       \tMicrosoft::Applications::Events::EventProperty::~EventProperty [0x00007FF687ABFEEF+1871]\nE       \tMicrosoft::Applications::Events::ILogManager::DispatchEventBroadcast [0x00007FF687DC7A33+1313987]\nE       \tMicrosoft::Applications::Events::ILogConfiguration::operator* [0x00007FF687B84168+20232]\nE       \tMicrosoft::Applications::Events::ILogConfiguration::operator* [0x00007FF687B80784+5412]\nE       \tMicrosoft::Applications::Events::ILogConfiguration::operator* [0x00007FF687B8087C+5660]\nE       \tMicrosoft::Applications::Events::EventProperty::~EventProperty [0x00007FF687B74531+740753]\nE       \tBaseThreadInitThunk [0x00007FFA37A37614+20]\nE       \tRtlUserThreadStart [0x00007FFA395026A1+33]\n\n..\\venv\\lib\\site-packages\\selenium\\webdriver\\support\\wait.py:95: TimeoutException"}, "parameters": [{"name": "content", "value": "'test'"}, {"name": "picture", "value": "'D:\\IntelliJ IDEA\\IdeaProjects\\museum\\img\\article\\dca96a5a6ab847e38ff996ecbac4c3c5.jpeg'"}, {"name": "expect", "value": "'内容发布成功'"}], "start": 1686499782328, "stop": 1686499797343, "uuid": "ccc7e8ba-b7d3-4e4c-a236-fe4b8729683d", "historyId": "dd6430cd98cf2b68cc7db4e1c58bb65d", "testCaseId": "0f39d9e8de896133a25429e50029f4a6", "fullName": "scripts.wu.test_publishnotes.TestPublishNotes#test_publishnotes", "labels": [{"name": "severity", "value": "critical"}, {"name": "tag", "value": "run(order=1004)"}, {"name": "parentSuite", "value": "scripts.wu"}, {"name": "suite", "value": "test_publishnotes"}, {"name": "subSuite", "value": "TestPublishNotes"}, {"name": "host", "value": "PUPU"}, {"name": "thread", "value": "23904-MainThread"}, {"name": "framework", "value": "pytest"}, {"name": "language", "value": "cpython3"}, {"name": "package", "value": "scripts.wu.test_publishnotes"}]}